<?xml version="1.0" encoding="UTF-8"?>
<!-- Generated by org.testng.reporters.JUnitReportReporter -->
<testsuite hostname="Ashok" failures="0" tests="1" name="qsp.Flipkart" time="9.519" errors="0" timestamp="2022-02-09T14:55:29 IST" skipped="0">
  <testcase classname="qsp.Flipkart" name="flipkart" time="9.519"/>
  <system-out/>
</testsuite> <!-- qsp.Flipkart -->
